<?xml version="1.0" encoding="UTF-8"?>
<!-- Generated by org.testng.reporters.JUnitReportReporter -->
<testsuite hostname="Chandraprabha-W11" failures="0" tests="9" name="com.plms.Api.test.TestPostRequest" time="9.580" errors="0" timestamp="2022-05-04T15:58:28 IST" skipped="0">
  <testcase classname="com.plms.Api.test.TestPostRequest" name="getDigiLockers" time="0.583"/>
  <system-out/>
  <testcase classname="com.plms.Api.test.TestPostRequest" name="testRegister" time="0.564"/>
  <system-out/>
  <testcase classname="com.plms.Api.test.TestPostRequest" name="getBankAccountDetails" time="3.936"/>
  <system-out/>
  <testcase classname="com.plms.Api.test.TestPostRequest" name="testOtp" time="0.471"/>
  <system-out/>
  <testcase classname="com.plms.Api.test.TestPostRequest" name="getBusinessInfo" time="0.691"/>
  <system-out/>
  <testcase classname="com.plms.Api.test.TestPostRequest" name="getBusinessDetail" time="1.182"/>
  <system-out/>
  <testcase classname="com.plms.Api.test.TestPostRequest" name="testBussinessRegistration" time="0.834"/>
  <system-out/>
  <testcase classname="com.plms.Api.test.TestPostRequest" name="getIndividualDetails" time="0.677"/>
  <system-out/>
  <testcase classname="com.plms.Api.test.TestPostRequest" name="testUploadDocument" time="0.642"/>
  <system-out/>
</testsuite> <!-- com.plms.Api.test.TestPostRequest -->
