<?xml version="1.0" encoding="UTF-8"?>
<!-- Generated by org.testng.reporters.JUnitReportReporter -->
<testsuite hostname="Chandraprabha-W11" failures="0" tests="1" name="com.plms.Api.test.TestGetRequest" time="1.355" errors="0" timestamp="2022-05-18T12:46:47 IST" skipped="0">
  <testcase classname="com.plms.Api.test.TestGetRequest" name="testCamUser" time="1.355"/>
  <system-out/>
</testsuite> <!-- com.plms.Api.test.TestGetRequest -->
